#
# A fatal error has been detected by the Java Runtime Environment:
#
#  EXCEPTION_ACCESS_VIOLATION (0xc0000005) at pc=0x00007ff9285d9a5a, pid=10640, tid=8256
#
# JRE version: Java(TM) SE Runtime Environment (8.0_20-b26) (build 1.8.0_20-b26)
# Java VM: Java HotSpot(TM) 64-Bit Server VM (25.20-b23 mixed mode windows-amd64 compressed oops)
# Problematic frame:
# C  [ntdll.dll+0x39a5a]
#
# Failed to write core dump. Minidumps are not enabled by default on client versions of Windows
#
# If you would like to submit a bug report, please visit:
#   http://bugreport.sun.com/bugreport/crash.jsp
# The crash happened outside the Java Virtual Machine in native code.
# See problematic frame for where to report the bug.
#

---------------  T H R E A D  ---------------

Current thread (0x000000000a39d800):  JavaThread "Animation Thread" [_thread_in_native, id=8256, stack(0x000000000cb70000,0x000000000cc70000)]

siginfo: ExceptionCode=0xc0000005, writing address 0x0000000000000024

Registers:
RAX=0x0000000000000000, RBX=0x00000000009d20e8, RCX=0x00000000fffffffc, RDX=0x00000000000004fc
RSP=0x000000000cc6e5f0, RBP=0x00007ff739f16000, RSI=0x00000000000004fc, RDI=0x0000000000000000
R8 =0xffffffffffffffff, R9 =0x00007ff739f16000, R10=0x0000000000000000, R11=0x0000000000000246
R12=0x0000000000000000, R13=0x0000000000000000, R14=0x0000000000000000, R15=0x0000000000000000
RIP=0x00007ff9285d9a5a, EFLAGS=0x0000000000010213

Top of Stack: (sp=0x000000000cc6e5f0)
0x000000000cc6e5f0:   00000000000004fc 000000000a39d800
0x000000000cc6e600:   000000000cc6e890 00000000072c2e48
0x000000000cc6e610:   0000000000000000 000000000a39d9e8
0x000000000cc6e620:   000000000cc6e718 000000000a39d800
0x000000000cc6e630:   0000000000000000 0000000071217b01
0x000000000cc6e640:   0000000000000058 0000000000000000
0x000000000cc6e650:   00000000072c0c08 000000000cc6e7a0
0x000000000cc6e660:   000000000a39d800 000000007115c59f
0x000000000cc6e670:   0000f3995e33b13a 000000000000000e
0x000000000cc6e680:   0000000000000004 0000000000000001
0x000000000cc6e690:   00000000072c2e48 000000007ffe0372
0x000000000cc6e6a0:   0000000000000000 0000000000000000
0x000000000cc6e6b0:   00007ff739f16000 00007ff9285d7f44
0x000000000cc6e6c0:   000000000a39d800 000000000cc6e560
0x000000000cc6e6d0:   00000000009d20e8 0000000070da79c7
0x000000000cc6e6e0:   0000000000000000 0000000000000000 

Instructions: (pc=0x00007ff9285d9a5a)
0x00007ff9285d9a3a:   a8 01 0f 85 e0 00 00 00 8b c8 41 2b ce f0 0f b1
0x00007ff9285d9a4a:   4b 08 75 e9 48 8b 03 45 33 f6 48 83 f8 ff 74 03
0x00007ff9285d9a5a:   ff 40 24 41 bf 82 03 fe 7f 41 8a 0f 84 c9 0f 85
0x00007ff9285d9a6a:   24 18 07 00 48 83 fe ff 0f 84 79 18 07 00 4c 8b 


Register to memory mapping:

RAX=0x0000000000000000 is an unknown value
RBX=0x00000000009d20e8 is an unknown value
RCX=0x00000000fffffffc is an unallocated location in the heap
RDX=0x00000000000004fc is an unknown value
RSP=0x000000000cc6e5f0 is pointing into the stack for thread: 0x000000000a39d800
RBP=0x00007ff739f16000 is an unknown value
RSI=0x00000000000004fc is an unknown value
RDI=0x0000000000000000 is an unknown value
R8 =0xffffffffffffffff is an unknown value
R9 =0x00007ff739f16000 is an unknown value
R10=0x0000000000000000 is an unknown value
R11=0x0000000000000246 is an unknown value
R12=0x0000000000000000 is an unknown value
R13=0x0000000000000000 is an unknown value
R14=0x0000000000000000 is an unknown value
R15=0x0000000000000000 is an unknown value


Stack: [0x000000000cb70000,0x000000000cc70000],  sp=0x000000000cc6e5f0,  free space=1017k
Native frames: (J=compiled Java code, j=interpreted, Vv=VM code, C=native code)
C  [ntdll.dll+0x39a5a]
C  [ntdll.dll+0x37f44]
C  0x00007ff913be5c38

Java frames: (J=compiled Java code, j=interpreted, Vv=VM code)
j  sun.java2d.d3d.D3DSurfaceData.initOps(III)V+0
j  sun.java2d.d3d.D3DSurfaceData.<init>(Lsun/awt/windows/WComponentPeer;Lsun/java2d/d3d/D3DGraphicsConfig;IILjava/awt/Image;Ljava/awt/image/ColorModel;IILsun/java2d/pipe/hw/ExtendedBufferCapabilities$VSyncType;I)V+76
j  sun.java2d.d3d.D3DSurfaceData.createData(Lsun/java2d/d3d/D3DGraphicsConfig;IILjava/awt/image/ColorModel;Ljava/awt/Image;I)Lsun/java2d/d3d/D3DSurfaceData;+70
j  sun.java2d.d3d.D3DGraphicsConfig.createManagedSurface(III)Lsun/java2d/SurfaceData;+10
j  sun.java2d.d3d.D3DSurfaceDataProxy.validateSurfaceData(Lsun/java2d/SurfaceData;Lsun/java2d/SurfaceData;II)Lsun/java2d/SurfaceData;+22
j  sun.java2d.SurfaceDataProxy.replaceData(Lsun/java2d/SurfaceData;ILsun/java2d/loops/CompositeType;Ljava/awt/Color;)Lsun/java2d/SurfaceData;+191
j  sun.java2d.SurfaceData.getSourceSurfaceData(Ljava/awt/Image;ILsun/java2d/loops/CompositeType;Ljava/awt/Color;)Lsun/java2d/SurfaceData;+102
j  sun.java2d.pipe.DrawImage.renderImageCopy(Lsun/java2d/SunGraphics2D;Ljava/awt/Image;Ljava/awt/Color;IIIIII)Z+24
j  sun.java2d.pipe.DrawImage.copyImage(Lsun/java2d/SunGraphics2D;Ljava/awt/Image;IIIIIILjava/awt/Color;)Z+33
j  sun.java2d.pipe.DrawImage.copyImage(Lsun/java2d/SunGraphics2D;Ljava/awt/Image;IIIIIILjava/awt/Color;Ljava/awt/image/ImageObserver;)Z+23
j  sun.java2d.pipe.ValidatePipe.copyImage(Lsun/java2d/SunGraphics2D;Ljava/awt/Image;IIIIIILjava/awt/Color;Ljava/awt/image/ImageObserver;)Z+29
j  sun.java2d.SunGraphics2D.copyImage(Ljava/awt/Image;IIIIIILjava/awt/Color;Ljava/awt/image/ImageObserver;)Z+20
j  sun.java2d.SunGraphics2D.drawImage(Ljava/awt/Image;IIIILjava/awt/Color;Ljava/awt/image/ImageObserver;)Z+94
j  sun.java2d.SunGraphics2D.drawImage(Ljava/awt/Image;IIIILjava/awt/image/ImageObserver;)Z+11
j  processing.core.PApplet.handleDraw()V+341
j  processing.core.PGraphicsJava2D.requestDraw()V+4
j  processing.core.PApplet.run()V+156
j  java.lang.Thread.run()V+11
v  ~StubRoutines::call_stub

---------------  P R O C E S S  ---------------

Java Threads: ( => current thread )
  0x000000000a3d3800 JavaThread "Thread-0" daemon [_thread_in_native, id=10724, stack(0x000000000dcd0000,0x000000000ddd0000)]
  0x0000000002761000 JavaThread "DestroyJavaVM" [_thread_blocked, id=8020, stack(0x0000000002660000,0x0000000002760000)]
  0x000000000a39f000 JavaThread "AWT-EventQueue-0" [_thread_blocked, id=11240, stack(0x000000000cc70000,0x000000000cd70000)]
=>0x000000000a39d800 JavaThread "Animation Thread" [_thread_in_native, id=8256, stack(0x000000000cb70000,0x000000000cc70000)]
  0x000000000a301000 JavaThread "AWT-Shutdown" [_thread_blocked, id=4948, stack(0x000000000abf0000,0x000000000acf0000)]
  0x000000000a300800 JavaThread "Java2D Disposer" daemon [_thread_blocked, id=10544, stack(0x000000000aaf0000,0x000000000abf0000)]
  0x00000000095e0000 JavaThread "Service Thread" daemon [_thread_blocked, id=10532, stack(0x0000000009f20000,0x000000000a020000)]
  0x000000000955e000 JavaThread "C1 CompilerThread3" daemon [_thread_blocked, id=9200, stack(0x0000000009e20000,0x0000000009f20000)]
  0x0000000009552000 JavaThread "C2 CompilerThread2" daemon [_thread_blocked, id=10552, stack(0x0000000009d20000,0x0000000009e20000)]
  0x000000000954f000 JavaThread "C2 CompilerThread1" daemon [_thread_blocked, id=9552, stack(0x0000000009c20000,0x0000000009d20000)]
  0x0000000009548000 JavaThread "C2 CompilerThread0" daemon [_thread_blocked, id=8572, stack(0x0000000009b20000,0x0000000009c20000)]
  0x0000000009545800 JavaThread "Attach Listener" daemon [_thread_blocked, id=10976, stack(0x0000000009a20000,0x0000000009b20000)]
  0x0000000009544800 JavaThread "Signal Dispatcher" daemon [_thread_blocked, id=11856, stack(0x0000000009920000,0x0000000009a20000)]
  0x0000000002859800 JavaThread "Finalizer" daemon [_thread_blocked, id=12144, stack(0x0000000009420000,0x0000000009520000)]
  0x0000000002852800 JavaThread "Reference Handler" daemon [_thread_blocked, id=4940, stack(0x0000000009320000,0x0000000009420000)]

Other Threads:
  0x0000000007548000 VMThread [stack: 0x0000000009220000,0x0000000009320000] [id=11376]
  0x00000000095e1800 WatcherThread [stack: 0x000000000a020000,0x000000000a120000] [id=11836]

VM state:not at safepoint (normal execution)

VM Mutex/Monitor currently owned by a thread: None

Heap:
 PSYoungGen      total 28672K, used 15733K [0x00000000e0800000, 0x00000000e2800000, 0x0000000100000000)
  eden space 24576K, 64% used [0x00000000e0800000,0x00000000e175d690,0x00000000e2000000)
  from space 4096K, 0% used [0x00000000e2400000,0x00000000e2400000,0x00000000e2800000)
  to   space 4096K, 0% used [0x00000000e2000000,0x00000000e2000000,0x00000000e2400000)
 ParOldGen       total 65536K, used 0K [0x00000000a1800000, 0x00000000a5800000, 0x00000000e0800000)
  object space 65536K, 0% used [0x00000000a1800000,0x00000000a1800000,0x00000000a5800000)
 Metaspace       used 9568K, capacity 9734K, committed 9856K, reserved 1058816K
  class space    used 1073K, capacity 1123K, committed 1152K, reserved 1048576K

Card table byte_map: [0x0000000002c20000,0x0000000002f20000] byte_map_base: 0x0000000002714000

Marking Bits: (ParMarkBitMap*) 0x00000000718ab460
 Begin Bits: [0x0000000003920000, 0x00000000050c0000)
 End Bits:   [0x00000000050c0000, 0x0000000006860000)

Polling page: 0x0000000000950000

CodeCache: size=245760Kb used=2100Kb max_used=2100Kb free=243659Kb
 bounds [0x000000000f010000, 0x000000000f280000, 0x000000001e010000]
 total_blobs=945 nmethods=473 adapters=386
 compilation: enabled

Compilation events (10 events):
Event: 1.755 Thread 0x000000000955e000 nmethod 468 0x000000000f21b650 code [0x000000000f21b7c0, 0x000000000f21baa8]
Event: 1.755 Thread 0x000000000955e000  467       3       sun.java2d.pipe.RenderQueue::lock (4 bytes)
Event: 1.755 Thread 0x000000000955e000 nmethod 467 0x000000000f21bbd0 code [0x000000000f21bd40, 0x000000000f21c0a8]
Event: 1.755 Thread 0x000000000955e000  470       3       sun.java2d.pipe.RenderQueue::unlock (4 bytes)
Event: 1.755 Thread 0x000000000955e000 nmethod 470 0x000000000f21c210 code [0x000000000f21c380, 0x000000000f21c6e8]
Event: 1.805 Thread 0x000000000955e000  472       3       sun.java2d.SurfaceData::getNativeOps (5 bytes)
Event: 1.805 Thread 0x000000000955e000 nmethod 472 0x000000000f21cbd0 code [0x000000000f21cd20, 0x000000000f21ce70]
Event: 1.819 Thread 0x000000000955e000  473       3       java.util.concurrent.locks.ReentrantLock$Sync::tryRelease (45 bytes)
Event: 1.819 Thread 0x000000000955e000 nmethod 473 0x000000000f21ced0 code [0x000000000f21d060, 0x000000000f21d5e8]
Event: 1.822 Thread 0x000000000955e000  474       3       java.util.concurrent.locks.ReentrantLock$NonfairSync::lock (25 bytes)

GC Heap History (0 events):
No events

Deoptimization events (0 events):
No events

Internal exceptions (10 events):
Event: 0.481 Thread 0x0000000002761000 Exception <a 'java/security/PrivilegedActionException'> (0x00000000e0d46280) thrown at [D:\re\workspace\8-2-build-windows-amd64-cygwin\jdk8u20\1074\hotspot\src\share\vm\prims\jvm.cpp, line 1275]
Event: 0.482 Thread 0x0000000002761000 Exception <a 'java/security/PrivilegedActionException'> (0x00000000e0d51760) thrown at [D:\re\workspace\8-2-build-windows-amd64-cygwin\jdk8u20\1074\hotspot\src\share\vm\prims\jvm.cpp, line 1275]
Event: 0.484 Thread 0x0000000002761000 Exception <a 'java/security/PrivilegedActionException'> (0x00000000e0d6fe00) thrown at [D:\re\workspace\8-2-build-windows-amd64-cygwin\jdk8u20\1074\hotspot\src\share\vm\prims\jvm.cpp, line 1275]
Event: 0.485 Thread 0x0000000002761000 Exception <a 'java/security/PrivilegedActionException'> (0x00000000e0d81fe8) thrown at [D:\re\workspace\8-2-build-windows-amd64-cygwin\jdk8u20\1074\hotspot\src\share\vm\prims\jvm.cpp, line 1275]
Event: 0.489 Thread 0x0000000002761000 Exception <a 'java/lang/NullPointerException'> (0x00000000e0da6b80) thrown at [D:\re\workspace\8-2-build-windows-amd64-cygwin\jdk8u20\1074\hotspot\src\share\vm\interpreter\linkResolver.cpp, line 1268]
Event: 0.489 Thread 0x0000000002761000 Exception <a 'java/security/PrivilegedActionException'> (0x00000000e0da7980) thrown at [D:\re\workspace\8-2-build-windows-amd64-cygwin\jdk8u20\1074\hotspot\src\share\vm\prims\jvm.cpp, line 1275]
Event: 0.495 Thread 0x0000000002761000 Exception <a 'java/security/PrivilegedActionException'> (0x00000000e0dc8080) thrown at [D:\re\workspace\8-2-build-windows-amd64-cygwin\jdk8u20\1074\hotspot\src\share\vm\prims\jvm.cpp, line 1275]
Event: 0.520 Thread 0x0000000002761000 Exception <a 'java/security/PrivilegedActionException'> (0x00000000e0e20c58) thrown at [D:\re\workspace\8-2-build-windows-amd64-cygwin\jdk8u20\1074\hotspot\src\share\vm\prims\jvm.cpp, line 1275]
Event: 0.584 Thread 0x000000000a39d800 Exception <a 'java/security/PrivilegedActionException'> (0x00000000e0e77c88) thrown at [D:\re\workspace\8-2-build-windows-amd64-cygwin\jdk8u20\1074\hotspot\src\share\vm\prims\jvm.cpp, line 1275]
Event: 0.588 Thread 0x000000000a39d800 Exception <a 'java/security/PrivilegedActionException'> (0x00000000e0e7ac30) thrown at [D:\re\workspace\8-2-build-windows-amd64-cygwin\jdk8u20\1074\hotspot\src\share\vm\prims\jvm.cpp, line 1275]

Events (10 events):
Event: 0.639 loading class java/text/CharacterIterator
Event: 0.639 loading class java/text/CharacterIterator done
Event: 0.639 loading class java/text/AttributedCharacterIterator done
Event: 0.639 loading class java/text/AttributedString$AttributedStringIterator done
Event: 1.818 Thread 0x000000000a58a800 Thread added: 0x000000000a58a800
Event: 1.818 Thread 0x000000000a3d3800 Thread added: 0x000000000a3d3800
Event: 1.818 Thread 0x000000000a58a800 Thread exited: 0x000000000a58a800
Event: 1.819 Thread 0x000000000a346800 Thread exited: 0x000000000a346800
Event: 1.819 loading class sun/java2d/pipe/hw/AccelDeviceEventNotifier
Event: 1.819 loading class sun/java2d/pipe/hw/AccelDeviceEventNotifier done


Dynamic libraries:
0x00007ff73a8f0000 - 0x00007ff73a924000 	C:\Program Files\Java\jdk1.8.0_20\bin\java.exe
0x00007ff9285a0000 - 0x00007ff92874c000 	C:\Windows\SYSTEM32\ntdll.dll
0x00007ff926290000 - 0x00007ff9263ca000 	C:\Windows\system32\KERNEL32.DLL
0x00007ff925cc0000 - 0x00007ff925dcf000 	C:\Windows\system32\KERNELBASE.dll
0x00007ff9244e0000 - 0x00007ff924568000 	C:\Windows\system32\apphelp.dll
0x00007ff90f1f0000 - 0x00007ff90f23f000 	C:\Windows\AppPatch\AppPatch64\AcGenral.DLL
0x00007ff9282d0000 - 0x00007ff928377000 	C:\Windows\system32\msvcrt.dll
0x00007ff925710000 - 0x00007ff92573b000 	C:\Windows\SYSTEM32\SspiCli.dll
0x00007ff925e20000 - 0x00007ff925e71000 	C:\Windows\system32\SHLWAPI.dll
0x00007ff9268e0000 - 0x00007ff926a51000 	C:\Windows\system32\USER32.dll
0x00007ff926760000 - 0x00007ff9268d8000 	C:\Windows\system32\ole32.dll
0x00007ff926ec0000 - 0x00007ff9282cf000 	C:\Windows\system32\SHELL32.dll
0x00007ff925280000 - 0x00007ff92529e000 	C:\Windows\SYSTEM32\USERENV.dll
0x00007ff9284f0000 - 0x00007ff928595000 	C:\Windows\system32\ADVAPI32.dll
0x00007ff91d310000 - 0x00007ff91d32b000 	C:\Windows\SYSTEM32\MPR.dll
0x00007ff926570000 - 0x00007ff9266a7000 	C:\Windows\system32\RPCRT4.dll
0x00007ff925e80000 - 0x00007ff925ed7000 	C:\Windows\SYSTEM32\sechost.dll
0x00007ff925fb0000 - 0x00007ff926186000 	C:\Windows\SYSTEM32\combase.dll
0x00007ff9283a0000 - 0x00007ff9284e4000 	C:\Windows\system32\GDI32.dll
0x00007ff925910000 - 0x00007ff925924000 	C:\Windows\SYSTEM32\profapi.dll
0x00007ff924190000 - 0x00007ff92422f000 	C:\Windows\SYSTEM32\SHCORE.dll
0x00007ff926e80000 - 0x00007ff926eb4000 	C:\Windows\system32\IMM32.DLL
0x00007ff926d40000 - 0x00007ff926e79000 	C:\Windows\system32\MSCTF.dll
0x00007ff9258c0000 - 0x00007ff9258f1000 	C:\Windows\system32\nvinitx.dll
0x000000000f000000 - 0x000000000f006000 	C:\Program Files\NVIDIA Corporation\CoProcManager\_etoured.dll
0x00007ff9239b0000 - 0x00007ff9239e2000 	C:\Program Files\NVIDIA Corporation\CoProcManager\nvd3d9wrapx.dll
0x00007ff926a80000 - 0x00007ff926c54000 	C:\Windows\system32\SETUPAPI.dll
0x00007ff9259e0000 - 0x00007ff925a2a000 	C:\Windows\system32\CFGMGR32.dll
0x00007ff923940000 - 0x00007ff923962000 	C:\Program Files\NVIDIA Corporation\CoProcManager\nvdxgiwrapx.dll
0x00007ff923aa0000 - 0x00007ff923cfa000 	C:\Windows\WinSxS\amd64_microsoft.windows.common-controls_6595b64144ccf1df_6.0.9600.17031_none_6242a4b3ecbb55a1\COMCTL32.dll
0x0000000070ff0000 - 0x00000000710c2000 	C:\Program Files\Java\jdk1.8.0_20\jre\bin\msvcr100.dll
0x00000000710d0000 - 0x0000000071928000 	C:\Program Files\Java\jdk1.8.0_20\jre\bin\server\jvm.dll
0x00007ff911210000 - 0x00007ff911219000 	C:\Windows\SYSTEM32\WSOCK32.dll
0x00007ff922f90000 - 0x00007ff922faf000 	C:\Windows\SYSTEM32\WINMM.dll
0x00007ff926d20000 - 0x00007ff926d27000 	C:\Windows\system32\PSAPI.DLL
0x00007ff926c60000 - 0x00007ff926cb8000 	C:\Windows\system32\WS2_32.dll
0x00007ff922b50000 - 0x00007ff922b7a000 	C:\Windows\SYSTEM32\WINMMBASE.dll
0x00007ff926a60000 - 0x00007ff926a69000 	C:\Windows\system32\NSI.dll
0x00007ff924730000 - 0x00007ff924756000 	C:\Windows\SYSTEM32\DEVOBJ.dll
0x00000000720f0000 - 0x00000000720ff000 	C:\Program Files\Java\jdk1.8.0_20\jre\bin\verify.dll
0x0000000070f80000 - 0x0000000070fa8000 	C:\Program Files\Java\jdk1.8.0_20\jre\bin\java.dll
0x0000000070f60000 - 0x0000000070f76000 	C:\Program Files\Java\jdk1.8.0_20\jre\bin\zip.dll
0x0000000070d80000 - 0x0000000070f18000 	C:\Program Files\Java\jdk1.8.0_20\jre\bin\awt.dll
0x00007ff925ee0000 - 0x00007ff925fa1000 	C:\Windows\system32\OLEAUT32.dll
0x00007ff923d20000 - 0x00007ff923d40000 	C:\Windows\system32\DWMAPI.DLL
0x00007ff9245b0000 - 0x00007ff9246d1000 	C:\Windows\system32\uxtheme.dll
0x00007ff924780000 - 0x00007ff92478a000 	C:\Windows\SYSTEM32\kernel.appcore.dll
0x00007ff9257a0000 - 0x00007ff9257aa000 	C:\Windows\SYSTEM32\CRYPTBASE.dll
0x00007ff925740000 - 0x00007ff9257a0000 	C:\Windows\SYSTEM32\bcryptPrimitives.dll
0x00007ff922b80000 - 0x00007ff922c7b000 	C:\Windows\SYSTEM32\nvumdshimx.dll
0x00007ff8f74d0000 - 0x00007ff8f8497000 	C:\Windows\system32\igdumdim64.dll
0x00007ff920cb0000 - 0x00007ff921110000 	C:\Windows\SYSTEM32\igdusc64.dll
0x0000000070d30000 - 0x0000000070d77000 	C:\Program Files\Java\jdk1.8.0_20\jre\bin\fontmanager.dll
0x0000000070ca0000 - 0x0000000070cca000 	C:\Program Files\Java\jdk1.8.0_20\jre\bin\dcpr.dll
0x00007ff920740000 - 0x00007ff9208c8000 	C:\Windows\SYSTEM32\dbghelp.dll

VM Arguments:
jvm_args: -Dfile.encoding=UTF-8 
java_command: Diffusion_Project.Processing_java_base
java_class_path (initial): C:\Users\nikla_000\Documents\Diffusion_Project\core.jar;C:\Users\nikla_000\Documents\Diffusion_Project\build\classes
Launcher Type: SUN_STANDARD

Environment Variables:
PATH=C:\Program Files (x86)\NVIDIA Corporation\PhysX\Common;C:\ProgramData\Oracle\Java\javapath;C:\Windows\system32;C:\Windows;C:\Windows\System32\Wbem;C:\Windows\System32\WindowsPowerShell\v1.0\;C:\Program Files\Microsoft SQL Server\110\DTS\Binn\;C:\Program Files (x86)\Microsoft SQL Server\110\Tools\Binn\;C:\Program Files\Microsoft SQL Server\110\Tools\Binn\;C:\Program Files (x86)\Microsoft SQL Server\110\Tools\Binn\ManagementStudio\;C:\Program Files (x86)\Microsoft Visual Studio 10.0\Common7\IDE\PrivateAssemblies\;C:\Program Files (x86)\Microsoft SQL Server\110\DTS\Binn\;E:\Program Files\nodejs\;C:\Users\nikla_000\AppData\Local\Smartbar\Application\;C:\Python34;C:\Python34\Scripts;E:\Program Files\MATLAB\R2011a\runtime\win64;E:\Program Files\MATLAB\R2011a\bin;C:\Users\nikla_000\AppData\Roaming\npm
USERNAME=nikla_000
OS=Windows_NT
PROCESSOR_IDENTIFIER=Intel64 Family 6 Model 58 Stepping 9, GenuineIntel



---------------  S Y S T E M  ---------------

OS: Windows 8.1 , 64 bit Build 9600 

CPU:total 8 (4 cores per cpu, 2 threads per core) family 6 model 58 stepping 9, cmov, cx8, fxsr, mmx, sse, sse2, sse3, ssse3, sse4.1, sse4.2, popcnt, avx, aes, clmul, erms, ht, tsc, tscinvbit, tscinv

Memory: 4k page, physical 6188344k(2382104k free), swap 8604884k(2700052k free)

vm_info: Java HotSpot(TM) 64-Bit Server VM (25.20-b23) for windows-amd64 JRE (1.8.0_20-b26), built on Jul 30 2014 13:51:23 by "java_re" with MS VC++ 10.0 (VS2010)

time: Mon Mar 02 15:13:03 2015
elapsed time: 1 seconds (0d 0h 0m 1s)

